<?xml version="1.0" encoding="UTF-8"?>
<!-- Generated by org.testng.reporters.JUnitReportReporter -->
<testsuite hostname="Lenovo" failures="0" tests="3" name="TestNg.Program1" time="0.018" errors="0" timestamp="2023-08-04T18:10:56 IST" skipped="0">
  <testcase classname="TestNg.Program1" name="deleteCustomer" time="0.009"/>
  <system-out/>
  <testcase classname="TestNg.Program1" name="modifyCustomer" time="0.005"/>
  <system-out/>
  <testcase classname="TestNg.Program1" name="Createcustomer" time="0.004"/>
  <system-out/>
</testsuite> <!-- TestNg.Program1 -->
