<?xml version="1.0" encoding="UTF-8"?>
<!-- Generated by org.testng.reporters.JUnitReportReporter -->
<testsuite hostname="Lenovo" failures="0" tests="6" name="TestNg.EnableDisavbleTest" time="0.013" errors="0" timestamp="2023-08-04T18:10:56 IST" skipped="1">
  <testcase classname="TestNg.EnableDisavbleTest" name="deleteCustomer1" time="0.003"/>
  <system-out/>
  <testcase classname="TestNg.EnableDisavbleTest" name="deleteCustomer1" time="0.004"/>
  <system-out/>
  <testcase classname="TestNg.EnableDisavbleTest" name="deleteCustomer1" time="0.002"/>
  <system-out/>
  <testcase classname="TestNg.EnableDisavbleTest" name="createcustomer" time="0.003"/>
  <system-out/>
  <testcase classname="TestNg.EnableDisavbleTest" name="VerifyCustomer" time="0.001"/>
  <system-out/>
  <testcase classname="TestNg.EnableDisavbleTest" name="ModifyCustomer">
    <skipped/>
  </testcase> <!-- ModifyCustomer -->
  <system-out/>
</testsuite> <!-- TestNg.EnableDisavbleTest -->
