<?xml version="1.0" encoding="UTF-8"?>
<!-- Generated by org.testng.reporters.JUnitReportReporter -->
<testsuite hostname="Lenovo" failures="0" tests="2" name="TestNg.Testngpractice" time="0.007" errors="0" timestamp="2023-08-04T18:10:56 IST" skipped="0">
  <testcase classname="TestNg.Testngpractice" name="sampleTest" time="0.003"/>
  <system-out/>
  <testcase classname="TestNg.Testngpractice" name="sample" time="0.004"/>
  <system-out/>
</testsuite> <!-- TestNg.Testngpractice -->
