<?xml version="1.0" encoding="UTF-8"?>
<!-- Generated by org.testng.reporters.JUnitReportReporter -->
<testsuite hostname="Lenovo" failures="0" tests="3" name="TestNg.AscimodifyupdownTest" time="0.003" errors="0" timestamp="2023-08-04T18:10:56 IST" skipped="0">
  <testcase classname="TestNg.AscimodifyupdownTest" name="createcustomer" time="0.001"/>
  <system-out/>
  <testcase classname="TestNg.AscimodifyupdownTest" name="ModifyCustomer" time="0.001"/>
  <system-out/>
  <testcase classname="TestNg.AscimodifyupdownTest" name="deleteCustomer" time="0.001"/>
  <system-out/>
</testsuite> <!-- TestNg.AscimodifyupdownTest -->
