<?xml version="1.0" encoding="UTF-8"?>
<!-- Generated by org.testng.reporters.JUnitReportReporter -->
<testsuite hostname="Lenovo" failures="0" tests="3" name="TestNg.DataProviderPractice" time="0.044" errors="0" timestamp="2023-08-04T18:10:56 IST" skipped="0">
  <testcase classname="TestNg.DataProviderPractice" name="dataProviderDemo" time="0.037"/>
  <system-out/>
  <testcase classname="TestNg.DataProviderPractice" name="dataProviderDemo" time="0.004"/>
  <system-out/>
  <testcase classname="TestNg.DataProviderPractice" name="dataProviderDemo" time="0.003"/>
  <system-out/>
</testsuite> <!-- TestNg.DataProviderPractice -->
