<?xml version="1.0" encoding="UTF-8"?>
<!-- Generated by org.testng.reporters.JUnitReportReporter -->
<testsuite hostname="Lenovo" failures="0" tests="3" name="TestNg.UsinglastTest" time="0.065" errors="0" timestamp="2023-08-04T18:10:56 IST" skipped="0">
  <testcase classname="TestNg.UsinglastTest" name="modifyCustomer" time="0.002"/>
  <system-out/>
  <testcase classname="TestNg.UsinglastTest" name="deleteCustomer" time="0.061"/>
  <system-out/>
  <testcase classname="TestNg.UsinglastTest" name="Createcustomer" time="0.002"/>
  <system-out/>
</testsuite> <!-- TestNg.UsinglastTest -->
