<?xml version="1.0" encoding="UTF-8"?>
<!-- Generated by org.testng.reporters.JUnitReportReporter -->
<testsuite hostname="Lenovo" failures="0" tests="3" name="TestNg.IntDataProviderPractice" time="0.039" errors="0" timestamp="2023-08-04T18:10:56 IST" skipped="0">
  <testcase classname="TestNg.IntDataProviderPractice" name="dataProviderDemo" time="0.011"/>
  <system-out/>
  <testcase classname="TestNg.IntDataProviderPractice" name="dataProviderDemo" time="0.010"/>
  <system-out/>
  <testcase classname="TestNg.IntDataProviderPractice" name="dataProviderDemo" time="0.018"/>
  <system-out/>
</testsuite> <!-- TestNg.IntDataProviderPractice -->
