<?xml version="1.0" encoding="UTF-8"?>
<!-- Generated by org.testng.reporters.JUnitReportReporter -->
<testsuite hostname="Lenovo" failures="0" tests="6" name="TestNg.InnvoprioritycountTest" time="0.132" errors="0" timestamp="2023-08-04T18:10:56 IST" skipped="0">
  <testcase classname="TestNg.InnvoprioritycountTest" name="ModifyCustomer" time="0.062"/>
  <system-out/>
  <testcase classname="TestNg.InnvoprioritycountTest" name="createcustomer" time="0.009"/>
  <system-out/>
  <testcase classname="TestNg.InnvoprioritycountTest" name="deleteCustomer1" time="0.040"/>
  <system-out/>
  <testcase classname="TestNg.InnvoprioritycountTest" name="deleteCustomer1" time="0.007"/>
  <system-out/>
  <testcase classname="TestNg.InnvoprioritycountTest" name="deleteCustomer1" time="0.003"/>
  <system-out/>
  <testcase classname="TestNg.InnvoprioritycountTest" name="VerifyCustomer" time="0.011"/>
  <system-out/>
</testsuite> <!-- TestNg.InnvoprioritycountTest -->
