<?xml version="1.0" encoding="UTF-8"?>
<!-- Generated by org.testng.reporters.JUnitReportReporter -->
<testsuite hostname="Lenovo" failures="0" tests="6" name="TestNg.InvocationcountTest" time="0.036" errors="0" timestamp="2023-08-04T18:10:56 IST" skipped="0">
  <testcase classname="TestNg.InvocationcountTest" name="ModifyCustomer" time="0.010"/>
  <system-out/>
  <testcase classname="TestNg.InvocationcountTest" name="deleteCustomer1" time="0.005"/>
  <system-out/>
  <testcase classname="TestNg.InvocationcountTest" name="deleteCustomer1" time="0.009"/>
  <system-out/>
  <testcase classname="TestNg.InvocationcountTest" name="deleteCustomer1" time="0.002"/>
  <system-out/>
  <testcase classname="TestNg.InvocationcountTest" name="createcustomer" time="0.007"/>
  <system-out/>
  <testcase classname="TestNg.InvocationcountTest" name="VerifyCustomer" time="0.003"/>
  <system-out/>
</testsuite> <!-- TestNg.InvocationcountTest -->
