<?xml version="1.0" encoding="UTF-8"?>
<!-- Generated by org.testng.reporters.JUnitReportReporter -->
<testsuite hostname="Lenovo" failures="0" tests="4" name="TestNg.PriorityTest" time="0.018" errors="0" timestamp="2023-08-04T18:10:56 IST" skipped="0">
  <testcase classname="TestNg.PriorityTest" name="ModifyCustomer" time="0.005"/>
  <system-out/>
  <testcase classname="TestNg.PriorityTest" name="createcustomer" time="0.004"/>
  <system-out/>
  <testcase classname="TestNg.PriorityTest" name="VerifyCustomer" time="0.001"/>
  <system-out/>
  <testcase classname="TestNg.PriorityTest" name="deleteCustomer1" time="0.008"/>
  <system-out/>
</testsuite> <!-- TestNg.PriorityTest -->
